#
# A fatal error has been detected by the Java Runtime Environment:
#
#  EXCEPTION_ACCESS_VIOLATION (0xc0000005) at pc=0x00007ff873e28a36, pid=12372, tid=14120
#
# JRE version: Java(TM) SE Runtime Environment 18.9 (11.0.9+7) (build 11.0.9+7-LTS)
# Java VM: Java HotSpot(TM) 64-Bit Server VM 18.9 (11.0.9+7-LTS, mixed mode, tiered, compressed oops, g1 gc, windows-amd64)
# Problematic frame:
# V  [jvm.dll+0x188a36]
#
# No core dump will be written. Minidumps are not enabled by default on client versions of Windows
#
# If you would like to submit a bug report, please visit:
#   https://bugreport.java.com/bugreport/crash.jsp
#

---------------  S U M M A R Y ------------

Command Line: -javaagent:Z:\IntelliJ\IntelliJ IDEA Community Edition 2020.2.4\lib\idea_rt.jar=58234:Z:\IntelliJ\IntelliJ IDEA Community Edition 2020.2.4\bin -Dfile.encoding=UTF-8 one.digitalinnovation.personapi.PersonapiApplication

Host: Intel(R) Core(TM)2 Quad CPU    Q6600  @ 2.40GHz, 4 cores, 3G,  Windows 10 , 64 bit Build 19041 (10.0.19041.662)
Time: Sat Dec 19 01:08:18 2020 Hora oficial do Brasil elapsed time: 20.433830 seconds (0d 0h 0m 20s)

---------------  T H R E A D  ---------------

Current thread (0x0000014367fca800):  ConcurrentGCThread "G1 Conc#0" [stack: 0x0000001467d00000,0x0000001467e00000] [id=14120]

Stack: [0x0000001467d00000,0x0000001467e00000],  sp=0x0000001467dff8b8,  free space=1022k
Native frames: (J=compiled Java code, j=interpreted, Vv=VM code, C=native code)
V  [jvm.dll+0x188a36]


siginfo: EXCEPTION_ACCESS_VIOLATION (0xc0000005), reading address 0x0000000000000010


Register to memory mapping:

RIP=0x00007ff873e28a36 jvm.dll
RAX=0x0000080000000000 is an unknown value
RBX=0x0000080000000000 is an unknown value
RCX=0x00000000c0584878 is pointing into object: java.lang.String 
{0x00000000c0584868} - klass: 'java/lang/String'
RDX=0x00000000c0584878 is pointing into object: java.lang.String 
{0x00000000c0584868} - klass: 'java/lang/String'
RSP=0x0000001467dff8b8 points into unknown readable memory: f9 c8 e8 73 f8 7f 00 00
RBP=0x0 is NULL
RSI=0x0000000000008001 is an unknown value
RDI=0x00000000c0584878 is pointing into object: java.lang.String 
{0x00000000c0584868} - klass: 'java/lang/String'
R8 =0x0000080000000000 is an unknown value
R9 =0x0000000000000008 is an unknown value
R10=0x0000014367fe0df0 points into unknown readable memory: c0 73 4f 74 f8 7f 00 00
R11=0x0000000000000246 is an unknown value
R12=0x0 is NULL
R13=0x00007ff8746622e0 jvm.dll
R14=0x000001430000e120 points into unknown readable memory: 00 80 00 00 00 08 00 00
R15=0x0000014367fc4680 points into unknown readable memory: 00 90 fc 67 43 01 00 00


Registers:
RAX=0x0000080000000000, RBX=0x0000080000000000, RCX=0x00000000c0584878, RDX=0x00000000c0584878
RSP=0x0000001467dff8b8, RBP=0x0000000000000000, RSI=0x0000000000008001, RDI=0x00000000c0584878
R8 =0x0000080000000000, R9 =0x0000000000000008, R10=0x0000014367fe0df0, R11=0x0000000000000246
R12=0x0000000000000000, R13=0x00007ff8746622e0, R14=0x000001430000e120, R15=0x0000014367fc4680
RIP=0x00007ff873e28a36, EFLAGS=0x0000000000010202

Top of Stack: (sp=0x0000001467dff8b8)
0x0000001467dff8b8:   00007ff873e8c8f9 0000000000000000
0x0000001467dff8c8:   00000000c3500000 0000000100002310
0x0000001467dff8d8:   0000000000000000 0000001467cff580
0x0000001467dff8e8:   0000000000000000 0000001467dff950
0x0000001467dff8f8:   00007ff873f7be48 00000000c34d2958
0x0000001467dff908:   00000000c34d2960 0000014367fc4728
0x0000001467dff918:   00000000c3500000 0000000000000006
0x0000001467dff928:   00007ff873f822f4 0000000100013f08
0x0000001467dff938:   00000000c34d2930 00000000c34d28a8
0x0000001467dff948:   0000000000000000 00007ff8744eb968
0x0000001467dff958:   0000000000000000 0000014367fa3aa0
0x0000001467dff968:   0000014367fc4680 0000000000000000
0x0000001467dff978:   00007ff874415b7b 0000000000000000
0x0000001467dff988:   00000000000075a3 0000000000000000
0x0000001467dff998:   0000014367fca800 0000000000000000
0x0000001467dff9a8:   00007ff874415660 0000014367fca800 

Instructions: (pc=0x00007ff873e28a36)
0x00007ff873e28a16:   00 48 8b 51 08 48 8b c8 e9 0d 00 00 00 cc cc cc
0x00007ff873e28a26:   cc cc cc cc cc cc cc cc cc cc 4c 8b ca 48 8b d1
0x00007ff873e28a36:   45 8b 41 08 45 85 c0 7e 0e 41 f6 c0 01 75 56 41
0x00007ff873e28a46:   c1 f8 03 41 8b c0 c3 79 4c 80 3d db e0 89 00 00 


Stack slot to memory mapping:
stack at sp + 0 slots: 0x00007ff873e8c8f9 jvm.dll
stack at sp + 1 slots: 0x0 is NULL
stack at sp + 2 slots: 0x00000000c3500000 is an oop: java.lang.Class 
{0x00000000c3500000} - klass: 'java/lang/Class'
stack at sp + 3 slots: 0x0000000100002310 is a pointer to class: 
java.lang.Cloneable {0x0000000100002318}
stack at sp + 4 slots: 0x0 is NULL
stack at sp + 5 slots: 0x0000001467cff580 points into unknown readable memory: f8 bf 4e 74 f8 7f 00 00
stack at sp + 6 slots: 0x0 is NULL
stack at sp + 7 slots: 0x0000001467dff950 points into unknown readable memory: 68 b9 4e 74 f8 7f 00 00


---------------  P R O C E S S  ---------------

Threads class SMR info:
_java_thread_list=0x000001430a366f80, length=19, elements={
0x0000014367f96000, 0x000001437fe89800, 0x000001437fe8a800, 0x000001437ff03800,
0x000001437ff04800, 0x000001437ff06000, 0x000001437ff10800, 0x000001437ff17800,
0x0000014304a77800, 0x0000014304f03000, 0x0000014304b60000, 0x0000014305bb0800,
0x000001430590e000, 0x0000014309aaa800, 0x000001430a3f0000, 0x0000014307a82800,
0x000001430a37b800, 0x00000143052a1800, 0x0000014307f06800
}

Java Threads: ( => current thread )
  0x0000014367f96000 JavaThread "main" [_thread_blocked, id=5124, stack(0x0000001467a00000,0x0000001467b00000)]
  0x000001437fe89800 JavaThread "Reference Handler" daemon [_thread_blocked, id=6192, stack(0x0000001468100000,0x0000001468200000)]
  0x000001437fe8a800 JavaThread "Finalizer" daemon [_thread_blocked, id=7316, stack(0x0000001468200000,0x0000001468300000)]
  0x000001437ff03800 JavaThread "Signal Dispatcher" daemon [_thread_blocked, id=8132, stack(0x0000001468300000,0x0000001468400000)]
  0x000001437ff04800 JavaThread "Attach Listener" daemon [_thread_blocked, id=5664, stack(0x0000001468400000,0x0000001468500000)]
  0x000001437ff06000 JavaThread "C2 CompilerThread0" daemon [_thread_in_native, id=7888, stack(0x0000001468500000,0x0000001468600000)]
  0x000001437ff10800 JavaThread "C1 CompilerThread0" daemon [_thread_blocked, id=8612, stack(0x0000001468600000,0x0000001468700000)]
  0x000001437ff17800 JavaThread "Sweeper thread" daemon [_thread_blocked, id=1516, stack(0x0000001468700000,0x0000001468800000)]
  0x0000014304a77800 JavaThread "Common-Cleaner" daemon [_thread_blocked, id=12784, stack(0x0000001468800000,0x0000001468900000)]
  0x0000014304f03000 JavaThread "Monitor Ctrl-Break" daemon [_thread_in_native, id=6620, stack(0x0000001468a00000,0x0000001468b00000)]
  0x0000014304b60000 JavaThread "Service Thread" daemon [_thread_blocked, id=2116, stack(0x0000001468b00000,0x0000001468c00000)]
  0x0000014305bb0800 JavaThread "Thread-0" [_thread_blocked, id=10352, stack(0x0000001468e00000,0x0000001468f00000)]
  0x000001430590e000 JavaThread "restartedMain" [_thread_in_vm, id=7496, stack(0x0000001468f00000,0x0000001469000000)]
  0x0000014309aaa800 JavaThread "HikariPool-1 housekeeper" daemon [_thread_blocked, id=864, stack(0x0000001469200000,0x0000001469300000)]
  0x000001430a3f0000 JavaThread "Catalina-utility-1" [_thread_blocked, id=10680, stack(0x0000001469400000,0x0000001469500000)]
  0x0000014307a82800 JavaThread "Catalina-utility-2" [_thread_blocked, id=6616, stack(0x0000001469500000,0x0000001469600000)]
  0x000001430a37b800 JavaThread "container-0" [_thread_blocked, id=9044, stack(0x0000001469600000,0x0000001469700000)]
  0x00000143052a1800 JavaThread "Live Reload Server" daemon [_thread_in_native, id=8588, stack(0x0000001469700000,0x0000001469800000)]
  0x0000014307f06800 JavaThread "C2 CompilerThread1" daemon [_thread_in_native, id=7868, stack(0x0000001469100000,0x0000001469200000)]

Other Threads:
  0x000001437fe87000 VMThread "VM Thread" [stack: 0x0000001468000000,0x0000001468100000] [id=9820]
  0x0000014304e50800 WatcherThread [stack: 0x0000001468c00000,0x0000001468d00000] [id=1468]
  0x0000014367fac800 GCTaskThread "GC Thread#0" [stack: 0x0000001467b00000,0x0000001467c00000] [id=10764]
  0x00000143052af000 GCTaskThread "GC Thread#1" [stack: 0x0000001468d00000,0x0000001468e00000] [id=4372]
  0x0000014305ea3000 GCTaskThread "GC Thread#2" [stack: 0x0000001468900000,0x0000001468a00000] [id=14252]
  0x0000014304c68800 GCTaskThread "GC Thread#3" [stack: 0x0000001469000000,0x0000001469100000] [id=2084]
  0x0000014367fc9000 ConcurrentGCThread "G1 Main Marker" [stack: 0x0000001467c00000,0x0000001467d00000] [id=14012]
=>0x0000014367fca800 ConcurrentGCThread "G1 Conc#0" [stack: 0x0000001467d00000,0x0000001467e00000] [id=14120]
  0x0000014368021800 ConcurrentGCThread "G1 Refine#0" [stack: 0x0000001467e00000,0x0000001467f00000] [id=11724]
  0x0000014368022800 ConcurrentGCThread "G1 Young RemSet Sampling" [stack: 0x0000001467f00000,0x0000001468000000] [id=6744]

Threads with active compile tasks:
C2 CompilerThread0  20599 4800   !   4       org.springframework.core.annotation.AnnotationsScanner::processMethodHierarchy (276 bytes)
C2 CompilerThread1  20600 4775   !   4       org.springframework.core.annotation.AnnotationsScanner::processClassHierarchy (227 bytes)

VM state:not at safepoint (normal execution)

VM Mutex/Monitor currently owned by a thread: None

Heap address: 0x00000000c0200000, size: 1022 MB, Compressed Oops mode: 32-bit
Narrow klass base: 0x0000000000000000, Narrow klass shift: 3
Compressed class space size: 1073741824 Address: 0x0000000100000000

Heap:
 garbage-first heap   total 114688K, used 30410K [0x00000000c0200000, 0x0000000100000000)
  region size 1024K, 14 young (14336K), 8 survivors (8192K)
 Metaspace       used 65781K, capacity 67546K, committed 67736K, reserved 1107968K
  class space    used 8509K, capacity 9201K, committed 9216K, reserved 1048576K
Heap Regions: E=young(eden), S=young(survivor), O=old, HS=humongous(starts), HC=humongous(continues), CS=collection set, F=free, A=archive, TAMS=top-at-mark-start (previous, next)
|   0|0x00000000c0200000, 0x00000000c0300000, 0x00000000c0300000|100%|HS|  |TAMS 0x00000000c0300000, 0x00000000c0300000| Complete 
|   1|0x00000000c0300000, 0x00000000c0400000, 0x00000000c0400000|100%| O|  |TAMS 0x00000000c0400000, 0x00000000c0400000| Untracked 
|   2|0x00000000c0400000, 0x00000000c0500000, 0x00000000c0500000|100%| O|  |TAMS 0x00000000c0500000, 0x00000000c0500000| Untracked 
|   3|0x00000000c0500000, 0x00000000c0600000, 0x00000000c0600000|100%| O|  |TAMS 0x00000000c0600000, 0x00000000c0600000| Untracked 
|   4|0x00000000c0600000, 0x00000000c0700000, 0x00000000c0700000|100%| O|  |TAMS 0x00000000c0700000, 0x00000000c0700000| Untracked 
|   5|0x00000000c0700000, 0x00000000c0800000, 0x00000000c0800000|100%| O|  |TAMS 0x00000000c0800000, 0x00000000c0800000| Untracked 
|   6|0x00000000c0800000, 0x00000000c0900000, 0x00000000c0900000|100%| O|  |TAMS 0x00000000c0900000, 0x00000000c0900000| Untracked 
|   7|0x00000000c0900000, 0x00000000c0a00000, 0x00000000c0a00000|100%| O|  |TAMS 0x00000000c0a00000, 0x00000000c0a00000| Untracked 
|   8|0x00000000c0a00000, 0x00000000c0b00000, 0x00000000c0b00000|100%| O|  |TAMS 0x00000000c0b00000, 0x00000000c0b00000| Untracked 
|   9|0x00000000c0b00000, 0x00000000c0c00000, 0x00000000c0c00000|100%| O|  |TAMS 0x00000000c0c00000, 0x00000000c0c00000| Untracked 
|  10|0x00000000c0c00000, 0x00000000c0d00000, 0x00000000c0d00000|100%| O|  |TAMS 0x00000000c0d00000, 0x00000000c0d00000| Untracked 
|  11|0x00000000c0d00000, 0x00000000c0e00000, 0x00000000c0e00000|100%| O|  |TAMS 0x00000000c0e00000, 0x00000000c0e00000| Untracked 
|  12|0x00000000c0e00000, 0x00000000c0f00000, 0x00000000c0f00000|100%| O|  |TAMS 0x00000000c0f00000, 0x00000000c0f00000| Untracked 
|  13|0x00000000c0f00000, 0x00000000c1000000, 0x00000000c1000000|100%| O|  |TAMS 0x00000000c1000000, 0x00000000c1000000| Untracked 
|  14|0x00000000c1000000, 0x00000000c1100000, 0x00000000c1100000|100%| O|  |TAMS 0x00000000c1100000, 0x00000000c1100000| Untracked 
|  15|0x00000000c1100000, 0x00000000c1200000, 0x00000000c1200000|100%| O|  |TAMS 0x00000000c1200000, 0x00000000c1200000| Untracked 
|  16|0x00000000c1200000, 0x00000000c1300000, 0x00000000c1300000|100%| O|  |TAMS 0x00000000c1300000, 0x00000000c1300000| Untracked 
|  17|0x00000000c1300000, 0x00000000c1332a00, 0x00000000c1400000| 19%| O|  |TAMS 0x00000000c1332a00, 0x00000000c1332a00| Untracked 
|  18|0x00000000c1400000, 0x00000000c1400000, 0x00000000c1500000|  0%| F|  |TAMS 0x00000000c1400000, 0x00000000c1400000| Untracked 
|  19|0x00000000c1500000, 0x00000000c1500000, 0x00000000c1600000|  0%| F|  |TAMS 0x00000000c1500000, 0x00000000c1500000| Untracked 
|  20|0x00000000c1600000, 0x00000000c1600000, 0x00000000c1700000|  0%| F|  |TAMS 0x00000000c1600000, 0x00000000c1600000| Untracked 
|  21|0x00000000c1700000, 0x00000000c1700000, 0x00000000c1800000|  0%| F|  |TAMS 0x00000000c1700000, 0x00000000c1700000| Untracked 
|  22|0x00000000c1800000, 0x00000000c1800000, 0x00000000c1900000|  0%| F|  |TAMS 0x00000000c1800000, 0x00000000c1800000| Untracked 
|  23|0x00000000c1900000, 0x00000000c1900000, 0x00000000c1a00000|  0%| F|  |TAMS 0x00000000c1900000, 0x00000000c1900000| Untracked 
|  24|0x00000000c1a00000, 0x00000000c1a00000, 0x00000000c1b00000|  0%| F|  |TAMS 0x00000000c1a00000, 0x00000000c1a00000| Untracked 
|  25|0x00000000c1b00000, 0x00000000c1b00000, 0x00000000c1c00000|  0%| F|  |TAMS 0x00000000c1b00000, 0x00000000c1b00000| Untracked 
|  26|0x00000000c1c00000, 0x00000000c1c00000, 0x00000000c1d00000|  0%| F|  |TAMS 0x00000000c1c00000, 0x00000000c1c00000| Untracked 
|  27|0x00000000c1d00000, 0x00000000c1d00000, 0x00000000c1e00000|  0%| F|  |TAMS 0x00000000c1d00000, 0x00000000c1d00000| Untracked 
|  28|0x00000000c1e00000, 0x00000000c1e00000, 0x00000000c1f00000|  0%| F|  |TAMS 0x00000000c1e00000, 0x00000000c1e00000| Untracked 
|  29|0x00000000c1f00000, 0x00000000c1f00000, 0x00000000c2000000|  0%| F|  |TAMS 0x00000000c1f00000, 0x00000000c1f00000| Untracked 
|  30|0x00000000c2000000, 0x00000000c2000000, 0x00000000c2100000|  0%| F|  |TAMS 0x00000000c2000000, 0x00000000c2000000| Untracked 
|  31|0x00000000c2100000, 0x00000000c2100000, 0x00000000c2200000|  0%| F|  |TAMS 0x00000000c2100000, 0x00000000c2100000| Untracked 
|  32|0x00000000c2200000, 0x00000000c2200000, 0x00000000c2300000|  0%| F|  |TAMS 0x00000000c2200000, 0x00000000c2200000| Untracked 
|  33|0x00000000c2300000, 0x00000000c2300000, 0x00000000c2400000|  0%| F|  |TAMS 0x00000000c2300000, 0x00000000c2300000| Untracked 
|  34|0x00000000c2400000, 0x00000000c2400000, 0x00000000c2500000|  0%| F|  |TAMS 0x00000000c2400000, 0x00000000c2400000| Untracked 
|  35|0x00000000c2500000, 0x00000000c2500000, 0x00000000c2600000|  0%| F|  |TAMS 0x00000000c2500000, 0x00000000c2500000| Untracked 
|  36|0x00000000c2600000, 0x00000000c2600000, 0x00000000c2700000|  0%| F|  |TAMS 0x00000000c2600000, 0x00000000c2600000| Untracked 
|  37|0x00000000c2700000, 0x00000000c2700000, 0x00000000c2800000|  0%| F|  |TAMS 0x00000000c2700000, 0x00000000c2700000| Untracked 
|  38|0x00000000c2800000, 0x00000000c2800000, 0x00000000c2900000|  0%| F|  |TAMS 0x00000000c2800000, 0x00000000c2800000| Untracked 
|  39|0x00000000c2900000, 0x00000000c2900000, 0x00000000c2a00000|  0%| F|  |TAMS 0x00000000c2900000, 0x00000000c2900000| Untracked 
|  40|0x00000000c2a00000, 0x00000000c2a00000, 0x00000000c2b00000|  0%| F|  |TAMS 0x00000000c2a00000, 0x00000000c2a00000| Untracked 
|  41|0x00000000c2b00000, 0x00000000c2b00000, 0x00000000c2c00000|  0%| F|  |TAMS 0x00000000c2b00000, 0x00000000c2b00000| Untracked 
|  42|0x00000000c2c00000, 0x00000000c2c00000, 0x00000000c2d00000|  0%| F|  |TAMS 0x00000000c2c00000, 0x00000000c2c00000| Untracked 
|  43|0x00000000c2d00000, 0x00000000c2d00000, 0x00000000c2e00000|  0%| F|  |TAMS 0x00000000c2d00000, 0x00000000c2d00000| Untracked 
|  44|0x00000000c2e00000, 0x00000000c2e7fec0, 0x00000000c2f00000| 49%| S|CS|TAMS 0x00000000c2e00000, 0x00000000c2e00000| Complete 
|  45|0x00000000c2f00000, 0x00000000c3000000, 0x00000000c3000000|100%| S|CS|TAMS 0x00000000c2f00000, 0x00000000c2f00000| Complete 
|  46|0x00000000c3000000, 0x00000000c3100000, 0x00000000c3100000|100%| S|CS|TAMS 0x00000000c3000000, 0x00000000c3000000| Complete 
|  47|0x00000000c3100000, 0x00000000c3200000, 0x00000000c3200000|100%| S|CS|TAMS 0x00000000c3100000, 0x00000000c3100000| Complete 
|  48|0x00000000c3200000, 0x00000000c3300000, 0x00000000c3300000|100%| S|CS|TAMS 0x00000000c3200000, 0x00000000c3200000| Complete 
|  49|0x00000000c3300000, 0x00000000c3400000, 0x00000000c3400000|100%| S|CS|TAMS 0x00000000c3300000, 0x00000000c3300000| Complete 
|  50|0x00000000c3400000, 0x00000000c3500000, 0x00000000c3500000|100%| S|CS|TAMS 0x00000000c3400000, 0x00000000c3400000| Complete 
|  51|0x00000000c3500000, 0x00000000c3600000, 0x00000000c3600000|100%| S|CS|TAMS 0x00000000c3500000, 0x00000000c3500000| Complete 
|  52|0x00000000c3600000, 0x00000000c3600000, 0x00000000c3700000|  0%| F|  |TAMS 0x00000000c3600000, 0x00000000c3600000| Untracked 
|  53|0x00000000c3700000, 0x00000000c3700000, 0x00000000c3800000|  0%| F|  |TAMS 0x00000000c3700000, 0x00000000c3700000| Untracked 
|  54|0x00000000c3800000, 0x00000000c3800000, 0x00000000c3900000|  0%| F|  |TAMS 0x00000000c3800000, 0x00000000c3800000| Untracked 
|  55|0x00000000c3900000, 0x00000000c3900000, 0x00000000c3a00000|  0%| F|  |TAMS 0x00000000c3900000, 0x00000000c3900000| Untracked 
|  56|0x00000000c3a00000, 0x00000000c3a00000, 0x00000000c3b00000|  0%| F|  |TAMS 0x00000000c3a00000, 0x00000000c3a00000| Untracked 
|  57|0x00000000c3b00000, 0x00000000c3b00000, 0x00000000c3c00000|  0%| F|  |TAMS 0x00000000c3b00000, 0x00000000c3b00000| Untracked 
|  58|0x00000000c3c00000, 0x00000000c3c00000, 0x00000000c3d00000|  0%| F|  |TAMS 0x00000000c3c00000, 0x00000000c3c00000| Untracked 
|  59|0x00000000c3d00000, 0x00000000c3d00000, 0x00000000c3e00000|  0%| F|  |TAMS 0x00000000c3d00000, 0x00000000c3d00000| Untracked 
|  60|0x00000000c3e00000, 0x00000000c3e00000, 0x00000000c3f00000|  0%| F|  |TAMS 0x00000000c3e00000, 0x00000000c3e00000| Untracked 
|  61|0x00000000c3f00000, 0x00000000c3f00000, 0x00000000c4000000|  0%| F|  |TAMS 0x00000000c3f00000, 0x00000000c3f00000| Untracked 
|  62|0x00000000c4000000, 0x00000000c4000000, 0x00000000c4100000|  0%| F|  |TAMS 0x00000000c4000000, 0x00000000c4000000| Untracked 
|  63|0x00000000c4100000, 0x00000000c4100000, 0x00000000c4200000|  0%| F|  |TAMS 0x00000000c4100000, 0x00000000c4100000| Untracked 
|  64|0x00000000c4200000, 0x00000000c4200000, 0x00000000c4300000|  0%| F|  |TAMS 0x00000000c4200000, 0x00000000c4200000| Untracked 
|  65|0x00000000c4300000, 0x00000000c4300000, 0x00000000c4400000|  0%| F|  |TAMS 0x00000000c4300000, 0x00000000c4300000| Untracked 
|  66|0x00000000c4400000, 0x00000000c4400000, 0x00000000c4500000|  0%| F|  |TAMS 0x00000000c4400000, 0x00000000c4400000| Untracked 
|  67|0x00000000c4500000, 0x00000000c4500000, 0x00000000c4600000|  0%| F|  |TAMS 0x00000000c4500000, 0x00000000c4500000| Untracked 
|  68|0x00000000c4600000, 0x00000000c4600000, 0x00000000c4700000|  0%| F|  |TAMS 0x00000000c4600000, 0x00000000c4600000| Untracked 
|  69|0x00000000c4700000, 0x00000000c4700000, 0x00000000c4800000|  0%| F|  |TAMS 0x00000000c4700000, 0x00000000c4700000| Untracked 
|  70|0x00000000c4800000, 0x00000000c4800000, 0x00000000c4900000|  0%| F|  |TAMS 0x00000000c4800000, 0x00000000c4800000| Untracked 
|  71|0x00000000c4900000, 0x00000000c4900000, 0x00000000c4a00000|  0%| F|  |TAMS 0x00000000c4900000, 0x00000000c4900000| Untracked 
|  72|0x00000000c4a00000, 0x00000000c4a00000, 0x00000000c4b00000|  0%| F|  |TAMS 0x00000000c4a00000, 0x00000000c4a00000| Untracked 
|  73|0x00000000c4b00000, 0x00000000c4b00000, 0x00000000c4c00000|  0%| F|  |TAMS 0x00000000c4b00000, 0x00000000c4b00000| Untracked 
|  74|0x00000000c4c00000, 0x00000000c4c00000, 0x00000000c4d00000|  0%| F|  |TAMS 0x00000000c4c00000, 0x00000000c4c00000| Untracked 
|  75|0x00000000c4d00000, 0x00000000c4d00000, 0x00000000c4e00000|  0%| F|  |TAMS 0x00000000c4d00000, 0x00000000c4d00000| Untracked 
|  76|0x00000000c4e00000, 0x00000000c4e00000, 0x00000000c4f00000|  0%| F|  |TAMS 0x00000000c4e00000, 0x00000000c4e00000| Untracked 
|  77|0x00000000c4f00000, 0x00000000c4f00000, 0x00000000c5000000|  0%| F|  |TAMS 0x00000000c4f00000, 0x00000000c4f00000| Untracked 
|  78|0x00000000c5000000, 0x00000000c5000000, 0x00000000c5100000|  0%| F|  |TAMS 0x00000000c5000000, 0x00000000c5000000| Untracked 
|  79|0x00000000c5100000, 0x00000000c5100000, 0x00000000c5200000|  0%| F|  |TAMS 0x00000000c5100000, 0x00000000c5100000| Untracked 
|  80|0x00000000c5200000, 0x00000000c5200000, 0x00000000c5300000|  0%| F|  |TAMS 0x00000000c5200000, 0x00000000c5200000| Untracked 
|  81|0x00000000c5300000, 0x00000000c5300000, 0x00000000c5400000|  0%| F|  |TAMS 0x00000000c5300000, 0x00000000c5300000| Untracked 
|  82|0x00000000c5400000, 0x00000000c5400000, 0x00000000c5500000|  0%| F|  |TAMS 0x00000000c5400000, 0x00000000c5400000| Untracked 
|  83|0x00000000c5500000, 0x00000000c5500000, 0x00000000c5600000|  0%| F|  |TAMS 0x00000000c5500000, 0x00000000c5500000| Untracked 
|  84|0x00000000c5600000, 0x00000000c5600000, 0x00000000c5700000|  0%| F|  |TAMS 0x00000000c5600000, 0x00000000c5600000| Untracked 
|  85|0x00000000c5700000, 0x00000000c5700000, 0x00000000c5800000|  0%| F|  |TAMS 0x00000000c5700000, 0x00000000c5700000| Untracked 
|  86|0x00000000c5800000, 0x00000000c5800000, 0x00000000c5900000|  0%| F|  |TAMS 0x00000000c5800000, 0x00000000c5800000| Untracked 
|  87|0x00000000c5900000, 0x00000000c5900000, 0x00000000c5a00000|  0%| F|  |TAMS 0x00000000c5900000, 0x00000000c5900000| Untracked 
|  88|0x00000000c5a00000, 0x00000000c5a00000, 0x00000000c5b00000|  0%| F|  |TAMS 0x00000000c5a00000, 0x00000000c5a00000| Untracked 
|  89|0x00000000c5b00000, 0x00000000c5b00000, 0x00000000c5c00000|  0%| F|  |TAMS 0x00000000c5b00000, 0x00000000c5b00000| Untracked 
|  90|0x00000000c5c00000, 0x00000000c5c00000, 0x00000000c5d00000|  0%| F|  |TAMS 0x00000000c5c00000, 0x00000000c5c00000| Untracked 
|  91|0x00000000c5d00000, 0x00000000c5d00000, 0x00000000c5e00000|  0%| F|  |TAMS 0x00000000c5d00000, 0x00000000c5d00000| Untracked 
|  92|0x00000000c5e00000, 0x00000000c5e00000, 0x00000000c5f00000|  0%| F|  |TAMS 0x00000000c5e00000, 0x00000000c5e00000| Untracked 
|  93|0x00000000c5f00000, 0x00000000c5f00000, 0x00000000c6000000|  0%| F|  |TAMS 0x00000000c5f00000, 0x00000000c5f00000| Untracked 
|  94|0x00000000c6000000, 0x00000000c6000000, 0x00000000c6100000|  0%| F|  |TAMS 0x00000000c6000000, 0x00000000c6000000| Untracked 
|  95|0x00000000c6100000, 0x00000000c6100000, 0x00000000c6200000|  0%| F|  |TAMS 0x00000000c6100000, 0x00000000c6100000| Untracked 
|  96|0x00000000c6200000, 0x00000000c6200000, 0x00000000c6300000|  0%| F|  |TAMS 0x00000000c6200000, 0x00000000c6200000| Untracked 
|  97|0x00000000c6300000, 0x00000000c6300000, 0x00000000c6400000|  0%| F|  |TAMS 0x00000000c6300000, 0x00000000c6300000| Untracked 
|  98|0x00000000c6400000, 0x00000000c6400000, 0x00000000c6500000|  0%| F|  |TAMS 0x00000000c6400000, 0x00000000c6400000| Untracked 
|  99|0x00000000c6500000, 0x00000000c6500000, 0x00000000c6600000|  0%| F|  |TAMS 0x00000000c6500000, 0x00000000c6500000| Untracked 
| 100|0x00000000c6600000, 0x00000000c6600000, 0x00000000c6700000|  0%| F|  |TAMS 0x00000000c6600000, 0x00000000c6600000| Untracked 
| 101|0x00000000c6700000, 0x00000000c6700000, 0x00000000c6800000|  0%| F|  |TAMS 0x00000000c6700000, 0x00000000c6700000| Untracked 
| 102|0x00000000c6800000, 0x00000000c6800000, 0x00000000c6900000|  0%| F|  |TAMS 0x00000000c6800000, 0x00000000c6800000| Untracked 
| 103|0x00000000c6900000, 0x00000000c6900000, 0x00000000c6a00000|  0%| F|  |TAMS 0x00000000c6900000, 0x00000000c6900000| Untracked 
| 104|0x00000000c6a00000, 0x00000000c6a00000, 0x00000000c6b00000|  0%| F|  |TAMS 0x00000000c6a00000, 0x00000000c6a00000| Untracked 
| 105|0x00000000c6b00000, 0x00000000c6b00000, 0x00000000c6c00000|  0%| F|  |TAMS 0x00000000c6b00000, 0x00000000c6b00000| Untracked 
| 106|0x00000000c6c00000, 0x00000000c6d00000, 0x00000000c6d00000|100%| E|  |TAMS 0x00000000c6c00000, 0x00000000c6c00000| Complete 
| 107|0x00000000c6d00000, 0x00000000c6e00000, 0x00000000c6e00000|100%| E|CS|TAMS 0x00000000c6d00000, 0x00000000c6d00000| Complete 
| 108|0x00000000c6e00000, 0x00000000c6f00000, 0x00000000c6f00000|100%| E|CS|TAMS 0x00000000c6e00000, 0x00000000c6e00000| Complete 
| 109|0x00000000c6f00000, 0x00000000c7000000, 0x00000000c7000000|100%| E|CS|TAMS 0x00000000c6f00000, 0x00000000c6f00000| Complete 
| 110|0x00000000c7000000, 0x00000000c7100000, 0x00000000c7100000|100%| E|CS|TAMS 0x00000000c7000000, 0x00000000c7000000| Complete 
| 111|0x00000000c7100000, 0x00000000c7200000, 0x00000000c7200000|100%| E|CS|TAMS 0x00000000c7100000, 0x00000000c7100000| Complete 

Card table byte_map: [0x000001437f610000,0x000001437f810000] _byte_map_base: 0x000001437f00f000

Marking Bits (Prev, Next): (CMBitMap*) 0x0000014367fc46d0, (CMBitMap*) 0x0000014367fc4698
 Prev Bits: [0x0000014301000000, 0x0000014301ff8000)
 Next Bits: [0x0000014300000000, 0x0000014300ff8000)

Polling page: 0x0000014365f40000

Metaspace:

Usage:
  Non-class:     56.98 MB capacity,    55.93 MB ( 98%) used,   856.13 KB (  1%) free+waste,   217.19 KB ( <1%) overhead. 
      Class:      8.99 MB capacity,     8.31 MB ( 92%) used,   588.60 KB (  6%) free+waste,   102.56 KB (  1%) overhead. 
       Both:     65.96 MB capacity,    64.24 MB ( 97%) used,     1.41 MB (  2%) free+waste,   319.75 KB ( <1%) overhead. 

Virtual space:
  Non-class space:       58.00 MB reserved,      57.15 MB ( 99%) committed 
      Class space:        1.00 GB reserved,       9.00 MB ( <1%) committed 
             Both:        1.06 GB reserved,      66.15 MB (  6%) committed 

Chunk freelists:
   Non-Class:  5.88 KB
       Class:  0 bytes
        Both:  5.88 KB

CodeHeap 'non-profiled nmethods': size=120064Kb used=2216Kb max_used=2460Kb free=117847Kb
 bounds [0x0000014377ed0000, 0x0000014378160000, 0x000001437f410000]
CodeHeap 'profiled nmethods': size=120000Kb used=9584Kb max_used=10112Kb free=110415Kb
 bounds [0x00000143709a0000, 0x0000014371390000, 0x0000014377ed0000]
CodeHeap 'non-nmethods': size=5696Kb used=1222Kb max_used=1266Kb free=4473Kb
 bounds [0x0000014370410000, 0x0000014370680000, 0x00000143709a0000]
 total_blobs=5017 nmethods=4419 adapters=510
 compilation: enabled
              stopped_count=0, restarted_count=0
 full_count=0

Compilation events (10 events):
Event: 20.377 Thread 0x000001437ff10800 nmethod 5073 0x0000014370e52910 code [0x0000014370e52ac0, 0x0000014370e52c90]
Event: 20.377 Thread 0x000001437ff10800 5072       2       org.springframework.data.repository.core.support.DefaultRepositoryInformation::isQueryAnnotationPresentOn (15 bytes)
Event: 20.377 Thread 0x000001437ff10800 nmethod 5072 0x0000014370e52510 code [0x0000014370e526c0, 0x0000014370e52850]
Event: 20.379 Thread 0x000001437ff10800 5075       2       org.springframework.data.repository.core.support.MethodLookup$$Lambda$1036/0x00000001008ed040::getLookups (12 bytes)
Event: 20.379 Thread 0x000001437ff10800 nmethod 5075 0x0000014370e52090 code [0x0000014370e52240, 0x0000014370e52430]
Event: 20.379 Thread 0x000001437ff10800 5076       2       org.springframework.data.repository.core.support.MethodLookup::lambda$and$0 (37 bytes)
Event: 20.380 Thread 0x000001437ff10800 nmethod 5076 0x0000014370e51990 code [0x0000014370e51ba0, 0x0000014370e51f10]
Event: 20.381 Thread 0x000001437ff10800 5077       2       org.springframework.data.repository.core.support.MethodLookups$$Lambda$1035/0x00000001008ecc40::getLookups (8 bytes)
Event: 20.381 Thread 0x000001437ff10800 nmethod 5077 0x0000014370e51510 code [0x0000014370e516c0, 0x0000014370e518d8]
Event: 20.381 Thread 0x000001437ff10800 5079       2       org.springframework.data.repository.core.support.MethodLookups$RepositoryAwareMethodLookup::getLookups (12 bytes)

GC Heap History (10 events):
Event: 13.437 GC heap before
{Heap before GC invocations=15 (full 0):
 garbage-first heap   total 95232K, used 60847K [0x00000000c0200000, 0x0000000100000000)
  region size 1024K, 47 young (48128K), 3 survivors (3072K)
 Metaspace       used 41863K, capacity 43089K, committed 43264K, reserved 1087488K
  class space    used 5054K, capacity 5535K, committed 5632K, reserved 1048576K
}
Event: 13.452 GC heap after
{Heap after GC invocations=16 (full 0):
 garbage-first heap   total 95232K, used 17778K [0x00000000c0200000, 0x0000000100000000)
  region size 1024K, 4 young (4096K), 4 survivors (4096K)
 Metaspace       used 41863K, capacity 43089K, committed 43264K, reserved 1087488K
  class space    used 5054K, capacity 5535K, committed 5632K, reserved 1048576K
}
Event: 15.172 GC heap before
{Heap before GC invocations=16 (full 0):
 garbage-first heap   total 95232K, used 61810K [0x00000000c0200000, 0x0000000100000000)
  region size 1024K, 48 young (49152K), 4 survivors (4096K)
 Metaspace       used 49746K, capacity 51056K, committed 51328K, reserved 1093632K
  class space    used 6214K, capacity 6718K, committed 6784K, reserved 1048576K
}
Event: 15.189 GC heap after
{Heap after GC invocations=17 (full 0):
 garbage-first heap   total 95232K, used 19881K [0x00000000c0200000, 0x0000000100000000)
  region size 1024K, 6 young (6144K), 6 survivors (6144K)
 Metaspace       used 49746K, capacity 51056K, committed 51328K, reserved 1093632K
  class space    used 6214K, capacity 6718K, committed 6784K, reserved 1048576K
}
Event: 16.855 GC heap before
{Heap before GC invocations=17 (full 0):
 garbage-first heap   total 95232K, used 64937K [0x00000000c0200000, 0x0000000100000000)
  region size 1024K, 50 young (51200K), 6 survivors (6144K)
 Metaspace       used 58347K, capacity 59754K, committed 60032K, reserved 1101824K
  class space    used 7484K, capacity 8039K, committed 8064K, reserved 1048576K
}
Event: 16.876 GC heap after
{Heap after GC invocations=18 (full 0):
 garbage-first heap   total 114688K, used 21706K [0x00000000c0200000, 0x0000000100000000)
  region size 1024K, 6 young (6144K), 6 survivors (6144K)
 Metaspace       used 58347K, capacity 59754K, committed 60032K, reserved 1101824K
  class space    used 7484K, capacity 8039K, committed 8064K, reserved 1048576K
}
Event: 16.998 GC heap before
{Heap before GC invocations=18 (full 0):
 garbage-first heap   total 114688K, used 23754K [0x00000000c0200000, 0x0000000100000000)
  region size 1024K, 9 young (9216K), 6 survivors (6144K)
 Metaspace       used 58676K, capacity 60019K, committed 60160K, reserved 1101824K
  class space    used 7536K, capacity 8105K, committed 8192K, reserved 1048576K
}
Event: 17.013 GC heap after
{Heap after GC invocations=19 (full 0):
 garbage-first heap   total 114688K, used 21918K [0x00000000c0200000, 0x0000000100000000)
  region size 1024K, 5 young (5120K), 5 survivors (5120K)
 Metaspace       used 58676K, capacity 60019K, committed 60160K, reserved 1101824K
  class space    used 7536K, capacity 8105K, committed 8192K, reserved 1048576K
}
Event: 20.319 GC heap before
{Heap before GC invocations=20 (full 0):
 garbage-first heap   total 114688K, used 78238K [0x00000000c0200000, 0x0000000100000000)
  region size 1024K, 60 young (61440K), 5 survivors (5120K)
 Metaspace       used 65527K, capacity 67249K, committed 67480K, reserved 1107968K
  class space    used 8479K, capacity 9190K, committed 9216K, reserved 1048576K
}
Event: 20.344 GC heap after
{Heap after GC invocations=21 (full 0):
 garbage-first heap   total 114688K, used 25290K [0x00000000c0200000, 0x0000000100000000)
  region size 1024K, 8 young (8192K), 8 survivors (8192K)
 Metaspace       used 65527K, capacity 67249K, committed 67480K, reserved 1107968K
  class space    used 8479K, capacity 9190K, committed 9216K, reserved 1048576K
}

Deoptimization events (10 events):
Event: 18.334 Thread 0x000001430590e000 Uncommon trap: reason=unstable_if action=reinterpret pc=0x00000143780efd14 method=java.util.concurrent.ConcurrentHashMap.putVal(Ljava/lang/Object;Ljava/lang/Object;Z)Ljava/lang/Object; @ 202 c2
Event: 19.052 Thread 0x000001430590e000 Uncommon trap: reason=unstable_if action=reinterpret pc=0x0000014377f3c07c method=org.springframework.core.annotation.AnnotationsScanner.isWithoutHierarchy(Ljava/lang/reflect/AnnotatedElement;Lorg/springframework/core/annotation/MergedAnnotations$SearchSt
Event: 19.354 Thread 0x000001430590e000 Uncommon trap: reason=class_check action=maybe_recompile pc=0x0000014377f46acc method=org.springframework.boot.context.properties.source.ConfigurationPropertyName$Elements.charAt(II)C @ 43 c2
Event: 19.355 Thread 0x000001430590e000 Uncommon trap: reason=class_check action=maybe_recompile pc=0x0000014377f46acc method=org.springframework.boot.context.properties.source.ConfigurationPropertyName$Elements.charAt(II)C @ 43 c2
Event: 19.403 Thread 0x000001430590e000 Uncommon trap: reason=unstable_if action=reinterpret pc=0x0000014377f2e384 method=java.io.WinNTFileSystem.prefixLength(Ljava/lang/String;)I @ 25 c2
Event: 19.699 Thread 0x000001430590e000 Uncommon trap: reason=unstable_if action=reinterpret pc=0x0000014378021df0 method=org.springframework.beans.factory.support.AbstractAutowireCapableBeanFactory.determineTargetType(Ljava/lang/String;Lorg/springframework/beans/factory/support/RootBeanDefinit
Event: 19.714 Thread 0x000001430590e000 Uncommon trap: reason=unstable_if action=reinterpret pc=0x0000014377ff1068 method=org.springframework.asm.ClassReader.readUtf(II[C)Ljava/lang/String; @ 41 c2
Event: 19.714 Thread 0x000001430590e000 Uncommon trap: reason=unstable_if action=reinterpret pc=0x0000014377f8fea4 method=java.lang.StringUTF16.compress([CII)[B @ 13 c2
Event: 20.061 Thread 0x000001430590e000 Uncommon trap: reason=speculate_null_assert action=make_not_entrant pc=0x000001437809bccc method=org.springframework.util.ConcurrentReferenceHashMap$Segment.restructureIfNecessary(Z)V @ 41 c2
Event: 20.184 Thread 0x000001430590e000 Uncommon trap: reason=speculate_null_assert action=make_not_entrant pc=0x000001437809ebcc method=org.springframework.util.ConcurrentReferenceHashMap$Segment.restructureIfNecessary(Z)V @ 41 c2

Classes redefined (0 events):
No events

Internal exceptions (10 events):
Event: 19.702 Thread 0x000001430590e000 Exception <a 'java/lang/ClassNotFoundException'{0x00000000c43b9c98}: org/springframework/core/io/support/PropertiesLoaderSupportCustomizer> (0x00000000c43b9c98) thrown at [./open/src/hotspot/share/classfile/systemDictionary.cpp, line 228]
Event: 19.704 Thread 0x000001430590e000 Exception <a 'java/lang/ClassNotFoundException'{0x00000000c43d16c8}: org/springframework/beans/factory/config/PropertiesFactoryBeanCustomizer> (0x00000000c43d16c8) thrown at [./open/src/hotspot/share/classfile/systemDictionary.cpp, line 228]
Event: 19.707 Thread 0x000001430590e000 Exception <a 'java/lang/ClassNotFoundException'{0x00000000c43ef5d8}: org/springframework/beans/factory/FactoryBeanCustomizer> (0x00000000c43ef5d8) thrown at [./open/src/hotspot/share/classfile/systemDictionary.cpp, line 228]
Event: 19.708 Thread 0x000001430590e000 Exception <a 'java/lang/ClassNotFoundException'{0x00000000c4200050}: org/springframework/beans/factory/InitializingBeanCustomizer> (0x00000000c4200050) thrown at [./open/src/hotspot/share/classfile/systemDictionary.cpp, line 228]
Event: 20.091 Thread 0x000001430590e000 Exception <a 'java/lang/ClassNotFoundException'{0x00000000c3968bf0}: java/lang/ObjectCustomizer> (0x00000000c3968bf0) thrown at [./open/src/hotspot/share/classfile/systemDictionary.cpp, line 228]
Event: 20.094 Thread 0x000001430590e000 Exception <a 'java/lang/ClassNotFoundException'{0x00000000c397a2f8}: one/digitalinnovation/personapi/entity/PersonCustomizer> (0x00000000c397a2f8) thrown at [./open/src/hotspot/share/classfile/systemDictionary.cpp, line 228]
Event: 20.151 Thread 0x000001430590e000 Exception <a 'java/lang/NoSuchMethodError'{0x00000000c3877850}: java.lang.invoke.DirectMethodHandle$Holder.invokeVirtual(Ljava/lang/Object;Ljava/lang/Object;Ljava/lang/Object;)I> (0x00000000c3877850) thrown at [./open/src/hotspot/share/interpreter/linkRes
Event: 20.188 Thread 0x000001430590e000 Exception <a 'java/lang/ClassNotFoundException'{0x00000000c38de860}: java/lang/ObjectCustomizer> (0x00000000c38de860) thrown at [./open/src/hotspot/share/classfile/systemDictionary.cpp, line 228]
Event: 20.191 Thread 0x000001430590e000 Exception <a 'java/lang/ClassNotFoundException'{0x00000000c38efe88}: one/digitalinnovation/personapi/entity/PhoneCustomizer> (0x00000000c38efe88) thrown at [./open/src/hotspot/share/classfile/systemDictionary.cpp, line 228]
Event: 20.263 Thread 0x000001430590e000 Exception <a 'java/lang/IncompatibleClassChangeError'{0x00000000c37f3900}: Found class java.lang.Object, but interface was expected> (0x00000000c37f3900) thrown at [./open/src/hotspot/share/interpreter/linkResolver.cpp, line 838]

Events (10 events):
Event: 20.314 loading class org/springframework/data/jpa/repository/support/CrudMethodMetadataPostProcessor$CrudMethodMetadataPopulatingMethodInterceptor
Event: 20.314 loading class org/springframework/data/jpa/repository/support/CrudMethodMetadataPostProcessor$CrudMethodMetadataPopulatingMethodInterceptor done
Event: 20.315 loading class org/springframework/data/repository/core/RepositoryInformation
Event: 20.315 loading class org/springframework/data/repository/core/RepositoryInformation done
Event: 20.315 loading class org/springframework/data/repository/core/RepositoryInformation
Event: 20.315 loading class org/springframework/data/repository/core/RepositoryInformation done
Event: 20.316 loading class org/springframework/data/annotation/QueryAnnotation
Event: 20.316 loading class org/springframework/data/annotation/QueryAnnotation done
Event: 20.319 Executing VM operation: G1CollectForAllocation
Event: 20.344 Executing VM operation: G1CollectForAllocation done


Dynamic libraries:
0x00007ff76a880000 - 0x00007ff76a88f000 	Z:\javaJDK\jdk-11.0.9\bin\java.exe
0x00007ff8cb610000 - 0x00007ff8cb806000 	C:\WINDOWS\SYSTEM32\ntdll.dll
0x00007ff8a99d0000 - 0x00007ff8a99e2000 	C:\Program Files\AVAST Software\Avast\aswhook.dll
0x00007ff8cb290000 - 0x00007ff8cb34d000 	C:\WINDOWS\System32\KERNEL32.DLL
0x00007ff8c8f60000 - 0x00007ff8c9229000 	C:\WINDOWS\System32\KERNELBASE.dll
0x00007ff8c9230000 - 0x00007ff8c9330000 	C:\WINDOWS\System32\ucrtbase.dll
0x00007ff8bf4e0000 - 0x00007ff8bf4f8000 	Z:\javaJDK\jdk-11.0.9\bin\jli.dll
0x00007ff8c9da0000 - 0x00007ff8c9e4c000 	C:\WINDOWS\System32\ADVAPI32.dll
0x00007ff8c9a70000 - 0x00007ff8c9b0e000 	C:\WINDOWS\System32\msvcrt.dll
0x00007ff8c9670000 - 0x00007ff8c970c000 	C:\WINDOWS\System32\sechost.dll
0x00007ff8ca0b0000 - 0x00007ff8ca1db000 	C:\WINDOWS\System32\RPCRT4.dll
0x00007ff8cb360000 - 0x00007ff8cb500000 	C:\WINDOWS\System32\USER32.dll
0x00007ff8c8f30000 - 0x00007ff8c8f52000 	C:\WINDOWS\System32\win32u.dll
0x00007ff8c9d70000 - 0x00007ff8c9d9a000 	C:\WINDOWS\System32\GDI32.dll
0x00007ff8c9510000 - 0x00007ff8c9619000 	C:\WINDOWS\System32\gdi32full.dll
0x00007ff8c9470000 - 0x00007ff8c950d000 	C:\WINDOWS\System32\msvcp_win.dll
0x00007ff8bd170000 - 0x00007ff8bd185000 	Z:\javaJDK\jdk-11.0.9\bin\VCRUNTIME140.dll
0x00007ff8bb230000 - 0x00007ff8bb4cb000 	C:\WINDOWS\WinSxS\amd64_microsoft.windows.common-controls_6595b64144ccf1df_6.0.19041.488_none_ca04af081b815d21\COMCTL32.dll
0x00007ff8c2070000 - 0x00007ff8c207a000 	C:\WINDOWS\SYSTEM32\VERSION.dll
0x00007ff8ca4a0000 - 0x00007ff8ca4d0000 	C:\WINDOWS\System32\IMM32.DLL
0x00007ff8aea40000 - 0x00007ff8aeadb000 	Z:\javaJDK\jdk-11.0.9\bin\msvcp140.dll
0x00007ff873ca0000 - 0x00007ff874797000 	Z:\javaJDK\jdk-11.0.9\bin\server\jvm.dll
0x00007ff8ca5a0000 - 0x00007ff8ca5a8000 	C:\WINDOWS\System32\PSAPI.DLL
0x00007ff8bbf00000 - 0x00007ff8bbf09000 	C:\WINDOWS\SYSTEM32\WSOCK32.dll
0x00007ff8cb500000 - 0x00007ff8cb56b000 	C:\WINDOWS\System32\WS2_32.dll
0x00007ff8bf1a0000 - 0x00007ff8bf1c7000 	C:\WINDOWS\SYSTEM32\WINMM.dll
0x00007ff8c6cc0000 - 0x00007ff8c6cd2000 	C:\WINDOWS\SYSTEM32\kernel.appcore.dll
0x00007ff8bd7c0000 - 0x00007ff8bd7d0000 	Z:\javaJDK\jdk-11.0.9\bin\verify.dll
0x00007ff8bff00000 - 0x00007ff8c00e4000 	C:\WINDOWS\SYSTEM32\DBGHELP.DLL
0x00007ff8c0630000 - 0x00007ff8c065c000 	C:\WINDOWS\SYSTEM32\dbgcore.DLL
0x00007ff8c8d50000 - 0x00007ff8c8dd0000 	C:\WINDOWS\System32\bcryptPrimitives.dll
0x00007ff8ba430000 - 0x00007ff8ba458000 	Z:\javaJDK\jdk-11.0.9\bin\java.dll
0x00007ff8bcdc0000 - 0x00007ff8bcdca000 	Z:\javaJDK\jdk-11.0.9\bin\jimage.dll
0x00007ff8bcdb0000 - 0x00007ff8bcdbe000 	Z:\javaJDK\jdk-11.0.9\bin\instrument.dll
0x00007ff8bcab0000 - 0x00007ff8bcac6000 	Z:\javaJDK\jdk-11.0.9\bin\zip.dll
0x00007ff8ca5b0000 - 0x00007ff8cacf2000 	C:\WINDOWS\System32\SHELL32.dll
0x00007ff8c6ec0000 - 0x00007ff8c7655000 	C:\WINDOWS\SYSTEM32\windows.storage.dll
0x00007ff8c9710000 - 0x00007ff8c9a66000 	C:\WINDOWS\System32\combase.dll
0x00007ff8c86f0000 - 0x00007ff8c871c000 	C:\WINDOWS\SYSTEM32\Wldp.dll
0x00007ff8cb180000 - 0x00007ff8cb22e000 	C:\WINDOWS\System32\SHCORE.dll
0x00007ff8ca390000 - 0x00007ff8ca3e5000 	C:\WINDOWS\System32\shlwapi.dll
0x00007ff8c8c80000 - 0x00007ff8c8ca6000 	C:\WINDOWS\SYSTEM32\profapi.dll
0x00007ff8bb8a0000 - 0x00007ff8bb8b9000 	Z:\javaJDK\jdk-11.0.9\bin\net.dll
0x00007ff8be650000 - 0x00007ff8be750000 	C:\WINDOWS\SYSTEM32\WINHTTP.dll
0x00007ff8c8470000 - 0x00007ff8c84da000 	C:\WINDOWS\system32\mswsock.dll
0x00007ff8bb510000 - 0x00007ff8bb522000 	Z:\javaJDK\jdk-11.0.9\bin\nio.dll
0x00007ff8bad10000 - 0x00007ff8bad2a000 	Z:\IntelliJ\IntelliJ IDEA Community Edition 2020.2.4\bin\breakgen64.dll
0x00007ff8bca70000 - 0x00007ff8bca79000 	Z:\javaJDK\jdk-11.0.9\bin\management.dll
0x00007ff8bb760000 - 0x00007ff8bb76b000 	Z:\javaJDK\jdk-11.0.9\bin\management_ext.dll
0x00007ff8b2f40000 - 0x00007ff8b2f57000 	C:\WINDOWS\system32\napinsp.dll
0x00007ff8b1a30000 - 0x00007ff8b1a4b000 	C:\WINDOWS\system32\pnrpnsp.dll
0x00007ff8b1120000 - 0x00007ff8b1135000 	C:\WINDOWS\system32\wshbth.dll
0x00007ff8c47d0000 - 0x00007ff8c47ed000 	C:\WINDOWS\system32\NLAapi.dll
0x00007ff8c8160000 - 0x00007ff8c819b000 	C:\WINDOWS\SYSTEM32\IPHLPAPI.DLL
0x00007ff8c81a0000 - 0x00007ff8c826b000 	C:\WINDOWS\SYSTEM32\DNSAPI.dll
0x00007ff8cb170000 - 0x00007ff8cb178000 	C:\WINDOWS\System32\NSI.dll
0x00007ff8b1100000 - 0x00007ff8b1112000 	C:\WINDOWS\System32\winrnr.dll
0x00007ff8c0200000 - 0x00007ff8c020a000 	C:\Windows\System32\rasadhlp.dll
0x00007ff8bc9c0000 - 0x00007ff8bca3f000 	C:\WINDOWS\System32\fwpuclnt.dll
0x00007ff8c9330000 - 0x00007ff8c9357000 	C:\WINDOWS\System32\bcrypt.dll
0x00007ff8c8640000 - 0x00007ff8c8658000 	C:\WINDOWS\SYSTEM32\CRYPTSP.dll
0x00007ff8c7e00000 - 0x00007ff8c7e34000 	C:\WINDOWS\system32\rsaenh.dll
0x00007ff8c8c40000 - 0x00007ff8c8c6e000 	C:\WINDOWS\SYSTEM32\USERENV.dll
0x00007ff8c8660000 - 0x00007ff8c866c000 	C:\WINDOWS\SYSTEM32\CRYPTBASE.dll
0x00007ff8c10c0000 - 0x00007ff8c10d7000 	C:\WINDOWS\SYSTEM32\dhcpcsvc6.DLL
0x00007ff8c10a0000 - 0x00007ff8c10bd000 	C:\WINDOWS\SYSTEM32\dhcpcsvc.DLL

dbghelp: loaded successfully - version: 4.0.5 - missing functions: none
symbol engine: initialized successfully - sym options: 0x614 - pdb path: .;Z:\javaJDK\jdk-11.0.9\bin;C:\WINDOWS\SYSTEM32;C:\Program Files\AVAST Software\Avast;C:\WINDOWS\WinSxS\amd64_microsoft.windows.common-controls_6595b64144ccf1df_6.0.19041.488_none_ca04af081b815d21;Z:\javaJDK\jdk-11.0.9\bin\server;Z:\IntelliJ\IntelliJ IDEA Community Edition 2020.2.4\bin

VM Arguments:
jvm_args: -javaagent:Z:\IntelliJ\IntelliJ IDEA Community Edition 2020.2.4\lib\idea_rt.jar=58234:Z:\IntelliJ\IntelliJ IDEA Community Edition 2020.2.4\bin -Dfile.encoding=UTF-8 
java_command: one.digitalinnovation.personapi.PersonapiApplication
java_class_path (initial): Z:\javaJDK\projetos\personapi\target\classes;C:\Users\SAN\.m2\repository\org\springframework\boot\spring-boot-starter-actuator\2.4.1\spring-boot-starter-actuator-2.4.1.jar;C:\Users\SAN\.m2\repository\org\springframework\boot\spring-boot-starter\2.4.1\spring-boot-starter-2.4.1.jar;C:\Users\SAN\.m2\repository\org\springframework\boot\spring-boot-starter-logging\2.4.1\spring-boot-starter-logging-2.4.1.jar;C:\Users\SAN\.m2\repository\ch\qos\logback\logback-classic\1.2.3\logback-classic-1.2.3.jar;C:\Users\SAN\.m2\repository\ch\qos\logback\logback-core\1.2.3\logback-core-1.2.3.jar;C:\Users\SAN\.m2\repository\org\apache\logging\log4j\log4j-to-slf4j\2.13.3\log4j-to-slf4j-2.13.3.jar;C:\Users\SAN\.m2\repository\org\apache\logging\log4j\log4j-api\2.13.3\log4j-api-2.13.3.jar;C:\Users\SAN\.m2\repository\org\slf4j\jul-to-slf4j\1.7.30\jul-to-slf4j-1.7.30.jar;C:\Users\SAN\.m2\repository\jakarta\annotation\jakarta.annotation-api\1.3.5\jakarta.annotation-api-1.3.5.jar;C:\Users\SAN\.m2\repository\org\yaml\snakeyaml\1.27\snakeyaml-1.27.jar;C:\Users\SAN\.m2\repository\org\springframework\boot\spring-boot-actuator-autoconfigure\2.4.1\spring-boot-actuator-autoconfigure-2.4.1.jar;C:\Users\SAN\.m2\repository\org\springframework\boot\spring-boot-actuator\2.4.1\spring-boot-actuator-2.4.1.jar;C:\Users\SAN\.m2\repository\com\fasterxml\jackson\core\jackson-databind\2.11.3\jackson-databind-2.11.3.jar;C:\Users\SAN\.m2\repository\com\fasterxml\jackson\core\jackson-annotations\2.11.3\jackson-annotations-2.11.3.jar;C:\Users\SAN\.m2\repository\com\fasterxml\jackson\core\jackson-core\2.11.3\jackson-core-2.11.3.jar;C:\Users\SAN\.m2\repository\com\fasterxml\jackson\datatype\jackson-datatype-jsr310\2.11.3\jackson-datatype-jsr310-2.11.3.jar;C:\Users\SAN\.m2\repository\io\micrometer\micrometer-core\1.6.2\micrometer-core-1.6.2.jar;C:\Users\SAN\.m2\repository\org\hdrhistogram\HdrHistogram\2.1.12\HdrHistogram-2.1.12.jar;C:\Users\SAN\.m2\repository\org\latencyutils\LatencyUtils\2.0.
Launcher Type: SUN_STANDARD

[Global flags]
     intx CICompilerCount                          = 3                                         {product} {ergonomic}
     uint ConcGCThreads                            = 1                                         {product} {ergonomic}
     uint G1ConcRefinementThreads                  = 4                                         {product} {ergonomic}
   size_t G1HeapRegionSize                         = 1048576                                   {product} {ergonomic}
    uintx GCDrainStackTargetSize                   = 64                                        {product} {ergonomic}
   size_t InitialHeapSize                          = 67108864                                  {product} {ergonomic}
   size_t MarkStackSize                            = 4194304                                   {product} {ergonomic}
   size_t MaxHeapSize                              = 1071644672                                {product} {ergonomic}
   size_t MaxNewSize                               = 642777088                                 {product} {ergonomic}
   size_t MinHeapDeltaBytes                        = 1048576                                   {product} {ergonomic}
    uintx NonNMethodCodeHeapSize                   = 5830732                                {pd product} {ergonomic}
    uintx NonProfiledCodeHeapSize                  = 122913754                              {pd product} {ergonomic}
    uintx ProfiledCodeHeapSize                     = 122913754                              {pd product} {ergonomic}
    uintx ReservedCodeCacheSize                    = 251658240                              {pd product} {ergonomic}
     bool SegmentedCodeCache                       = true                                      {product} {ergonomic}
     bool UseCompressedClassPointers               = true                                 {lp64_product} {ergonomic}
     bool UseCompressedOops                        = true                                 {lp64_product} {ergonomic}
     bool UseG1GC                                  = true                                      {product} {ergonomic}
     bool UseLargePagesIndividualAllocation        = false                                  {pd product} {ergonomic}

Logging:
Log output configuration:
 #0: stdout all=warning uptime,level,tags
 #1: stderr all=off uptime,level,tags

Environment Variables:
JAVA_HOME=Z:\javaJDK\jdk-15.0.1
PATH=C:\Program Files\Common Files\Oracle\Java\javapath;C:\Python39\Scripts\;C:\Python39\;C:\Program Files (x86)\Common Files\Oracle\Java\javapath;C:\WINDOWS\system32;C:\WINDOWS;C:\WINDOWS\System32\Wbem;C:\WINDOWS\System32\WindowsPowerShell\v1.0\;Z:\xampp\php;C:\ProgramData\ComposerSetup\bin;C:\WINDOWS\System32\OpenSSH\;C:\Program Files\nodejs\;C:\ProgramData\chocolatey\bin;C:\Program Files\Git\cmd;Z:\javaJDK\jdk-15.0.1\bin;C:\Users\SAN\AppData\Local\Microsoft\WindowsApps;C:\Users\SAN\AppData\Roaming\Composer\vendor\bin;C:\Users\SAN\AppData\Local\Programs\Microsoft VS Code\bin;C:\Users\SAN\AppData\Roaming\npm;Z:\IntelliJ\IntelliJ IDEA Community Edition 2020.2.4\bin;;Z:\javaJDK\apache-maven-3.6.3\bin;Z:\javaJDK\gradle-6.7.1\bin;
USERNAME=SAN
OS=Windows_NT
PROCESSOR_IDENTIFIER=Intel64 Family 6 Model 15 Stepping 11, GenuineIntel



---------------  S Y S T E M  ---------------

OS: Windows 10 , 64 bit Build 19041 (10.0.19041.662)

CPU:total 4 (initial active 4) (4 cores per cpu, 1 threads per core) family 6 model 15 stepping 11, cmov, cx8, fxsr, mmx, sse, sse2, sse3, ssse3, tsc

Memory: 4k page, system-wide physical 4082M (678M free)
TotalPageFile size 11162M (AvailPageFile size 2191M)
current process WorkingSet (physical memory assigned to process): 285M, peak: 286M
current process commit charge ("private bytes"): 325M, peak: 326M

vm_info: Java HotSpot(TM) 64-Bit Server VM (11.0.9+7-LTS) for windows-amd64 JRE (11.0.9+7-LTS), built on Sep 15 2020 16:47:03 by "mach5one" with MS VC++ 15.9 (VS2017)

END.
